<?xml version="1.0" encoding="UTF-8"?>
<coverage generated="1549595571431" clover="3.2.0">
  <project timestamp="1549595571431" name="All files">
    <metrics statements="4" coveredstatements="3" conditionals="0" coveredconditionals="0" methods="1" coveredmethods="0" elements="5" coveredelements="3" complexity="0" loc="4" ncloc="4" packages="1" files="2" classes="2"/>
    <file name="Button.js" path="C:\Users\koush\Desktop\React boilerplate\src\Button.js">
      <metrics statements="3" coveredstatements="2" conditionals="0" coveredconditionals="0" methods="1" coveredmethods="0"/>
      <line num="6" count="1" type="stmt"/>
      <line num="7" count="0" type="stmt"/>
      <line num="12" count="1" type="stmt"/>
    </file>
    <file name="messages.js" path="C:\Users\koush\Desktop\React boilerplate\src\messages.js">
      <metrics statements="1" coveredstatements="1" conditionals="0" coveredconditionals="0" methods="0" coveredmethods="0"/>
      <line num="3" count="1" type="stmt"/>
    </file>
  </project>
</coverage>
