{"C:\\Users\\koush\\Desktop\\React boilerplate\\src\\Button.js": {"path":"C:\\Users\\koush\\Desktop\\React boilerplate\\src\\Button.js","statementMap":{"0":{"start":{"line":6,"column":15},"end":{"line":10,"column":1}},"1":{"start":{"line":7,"column":2},"end":{"line":9,"column":11}},"2":{"start":{"line":12,"column":0},"end":{"line":14,"column":2}}},"fnMap":{"0":{"name":"(anonymous_0)","decl":{"start":{"line":6,"column":15},"end":{"line":6,"column":16}},"loc":{"start":{"line":7,"column":2},"end":{"line":9,"column":11}},"line":7}},"branchMap":{},"s":{"0":1,"1":0,"2":1},"f":{"0":0},"b":{},"_coverageSchema":"43e27e138ebf9cfc5966b082cf9a028302ed4184","hash":"26c00cbc17771781a16544cbad1c2b9cdad6bf93"}
,"C:\\Users\\koush\\Desktop\\React boilerplate\\src\\messages.js": {"path":"C:\\Users\\koush\\Desktop\\React boilerplate\\src\\messages.js","statementMap":{"0":{"start":{"line":3,"column":17},"end":{"line":3,"column":22}}},"fnMap":{},"branchMap":{},"s":{"0":1},"f":{},"b":{},"_coverageSchema":"43e27e138ebf9cfc5966b082cf9a028302ed4184","hash":"85d8a9a5e6aa73daa0c3fe623fb0ff6c05e997c9"}
}
