{"C:\\Users\\koush\\Desktop\\webpack-react-\\src\\Button.js": {"path":"C:\\Users\\koush\\Desktop\\webpack-react-\\src\\Button.js","statementMap":{"0":{"start":{"line":6,"column":15},"end":{"line":10,"column":1}},"1":{"start":{"line":7,"column":2},"end":{"line":9,"column":11}},"2":{"start":{"line":12,"column":0},"end":{"line":14,"column":2}}},"fnMap":{"0":{"name":"(anonymous_0)","decl":{"start":{"line":6,"column":15},"end":{"line":6,"column":16}},"loc":{"start":{"line":7,"column":2},"end":{"line":9,"column":11}},"line":7}},"branchMap":{},"s":{"0":1,"1":0,"2":1},"f":{"0":0},"b":{},"_coverageSchema":"43e27e138ebf9cfc5966b082cf9a028302ed4184","hash":"677b537c1a630b7dae0efa481c327065e6a58e63"}
,"C:\\Users\\koush\\Desktop\\webpack-react-\\src\\messages.js": {"path":"C:\\Users\\koush\\Desktop\\webpack-react-\\src\\messages.js","statementMap":{"0":{"start":{"line":3,"column":17},"end":{"line":3,"column":22}}},"fnMap":{},"branchMap":{},"s":{"0":1},"f":{},"b":{},"_coverageSchema":"43e27e138ebf9cfc5966b082cf9a028302ed4184","hash":"cb23f551bcd71d75959d42096b565e5a95b714f5"}
,"C:\\Users\\koush\\Desktop\\webpack-react-\\src\\networking\\index.js": {"path":"C:\\Users\\koush\\Desktop\\webpack-react-\\src\\networking\\index.js","statementMap":{"0":{"start":{"line":7,"column":27},"end":{"line":17,"column":74}},"1":{"start":{"line":8,"column":2},"end":{"line":17,"column":74}},"2":{"start":{"line":15,"column":6},"end":{"line":15,"column":73}},"3":{"start":{"line":17,"column":29},"end":{"line":17,"column":73}}},"fnMap":{"0":{"name":"(anonymous_0)","decl":{"start":{"line":7,"column":27},"end":{"line":7,"column":28}},"loc":{"start":{"line":8,"column":2},"end":{"line":17,"column":74}},"line":8},"1":{"name":"(anonymous_1)","decl":{"start":{"line":14,"column":10},"end":{"line":14,"column":11}},"loc":{"start":{"line":15,"column":6},"end":{"line":15,"column":73}},"line":15},"2":{"name":"(anonymous_2)","decl":{"start":{"line":17,"column":11},"end":{"line":17,"column":12}},"loc":{"start":{"line":17,"column":29},"end":{"line":17,"column":73}},"line":17}},"branchMap":{},"s":{"0":1,"1":1,"2":1,"3":0},"f":{"0":1,"1":1,"2":0},"b":{},"_coverageSchema":"43e27e138ebf9cfc5966b082cf9a028302ed4184","hash":"671e91c38e694fa10b2cdaee29537216a5a2eb6c"}
,"C:\\Users\\koush\\Desktop\\webpack-react-\\src\\networking\\responseHandler.js": {"path":"C:\\Users\\koush\\Desktop\\webpack-react-\\src\\networking\\responseHandler.js","statementMap":{"0":{"start":{"line":3,"column":38},"end":{"line":5,"column":1}},"1":{"start":{"line":4,"column":2},"end":{"line":4,"column":51}},"2":{"start":{"line":7,"column":38},"end":{"line":9,"column":1}},"3":{"start":{"line":8,"column":2},"end":{"line":8,"column":55}}},"fnMap":{"0":{"name":"(anonymous_0)","decl":{"start":{"line":3,"column":38},"end":{"line":3,"column":39}},"loc":{"start":{"line":3,"column":50},"end":{"line":5,"column":1}},"line":3},"1":{"name":"(anonymous_1)","decl":{"start":{"line":7,"column":38},"end":{"line":7,"column":39}},"loc":{"start":{"line":7,"column":50},"end":{"line":9,"column":1}},"line":7}},"branchMap":{},"s":{"0":1,"1":1,"2":1,"3":0},"f":{"0":1,"1":0},"b":{},"_coverageSchema":"43e27e138ebf9cfc5966b082cf9a028302ed4184","hash":"dca090d054c2b2f1f84f1c1ce9fa910aaccf465f"}
,"C:\\Users\\koush\\Desktop\\webpack-react-\\src\\networking\\responseMapper.js": {"path":"C:\\Users\\koush\\Desktop\\webpack-react-\\src\\networking\\responseMapper.js","statementMap":{"0":{"start":{"line":3,"column":30},"end":{"line":10,"column":1}},"1":{"start":{"line":4,"column":2},"end":{"line":9,"column":3}},"2":{"start":{"line":6,"column":6},"end":{"line":6,"column":34}},"3":{"start":{"line":8,"column":6},"end":{"line":8,"column":22}},"4":{"start":{"line":12,"column":35},"end":{"line":12,"column":82}},"5":{"start":{"line":12,"column":61},"end":{"line":12,"column":82}}},"fnMap":{"0":{"name":"(anonymous_0)","decl":{"start":{"line":3,"column":30},"end":{"line":3,"column":31}},"loc":{"start":{"line":3,"column":56},"end":{"line":10,"column":1}},"line":3},"1":{"name":"(anonymous_1)","decl":{"start":{"line":12,"column":35},"end":{"line":12,"column":36}},"loc":{"start":{"line":12,"column":61},"end":{"line":12,"column":82}},"line":12}},"branchMap":{"0":{"loc":{"start":{"line":4,"column":2},"end":{"line":9,"column":3}},"type":"switch","locations":[{"start":{"line":5,"column":4},"end":{"line":6,"column":34}},{"start":{"line":7,"column":4},"end":{"line":8,"column":22}}],"line":4}},"s":{"0":1,"1":1,"2":0,"3":1,"4":1,"5":0},"f":{"0":1,"1":0},"b":{"0":[0,1]},"_coverageSchema":"43e27e138ebf9cfc5966b082cf9a028302ed4184","hash":"536959d91ac32929d2e35966cd5fc4319ddf5707"}
,"C:\\Users\\koush\\Desktop\\webpack-react-\\src\\networking\\mappers\\errorMapper.js": {"path":"C:\\Users\\koush\\Desktop\\webpack-react-\\src\\networking\\mappers\\errorMapper.js","statementMap":{"0":{"start":{"line":3,"column":27},"end":{"line":7,"column":1}},"1":{"start":{"line":4,"column":21},"end":{"line":4,"column":44}},"2":{"start":{"line":5,"column":15},"end":{"line":5,"column":36}},"3":{"start":{"line":6,"column":2},"end":{"line":6,"column":30}}},"fnMap":{"0":{"name":"(anonymous_0)","decl":{"start":{"line":3,"column":27},"end":{"line":3,"column":28}},"loc":{"start":{"line":3,"column":39},"end":{"line":7,"column":1}},"line":3}},"branchMap":{},"s":{"0":1,"1":0,"2":0,"3":0},"f":{"0":0},"b":{},"_coverageSchema":"43e27e138ebf9cfc5966b082cf9a028302ed4184","hash":"73bfe4f1ad71dea7794e38aa23b9d6d3b378816d"}
,"C:\\Users\\koush\\Desktop\\webpack-react-\\src\\networking\\mappers\\index.js": {"path":"C:\\Users\\koush\\Desktop\\webpack-react-\\src\\networking\\mappers\\index.js","statementMap":{},"fnMap":{},"branchMap":{},"s":{},"f":{},"b":{},"_coverageSchema":"43e27e138ebf9cfc5966b082cf9a028302ed4184","hash":"a05c1495b3458087d4b94c14b969243b7bb48502"}
,"C:\\Users\\koush\\Desktop\\webpack-react-\\src\\networking\\mappers\\todoMapper.js": {"path":"C:\\Users\\koush\\Desktop\\webpack-react-\\src\\networking\\mappers\\todoMapper.js","statementMap":{"0":{"start":{"line":3,"column":26},"end":{"line":6,"column":1}},"1":{"start":{"line":4,"column":15},"end":{"line":4,"column":36}},"2":{"start":{"line":5,"column":2},"end":{"line":5,"column":14}}},"fnMap":{"0":{"name":"(anonymous_0)","decl":{"start":{"line":3,"column":26},"end":{"line":3,"column":27}},"loc":{"start":{"line":3,"column":38},"end":{"line":6,"column":1}},"line":3}},"branchMap":{},"s":{"0":1,"1":0,"2":0},"f":{"0":0},"b":{},"_coverageSchema":"43e27e138ebf9cfc5966b082cf9a028302ed4184","hash":"160014865693f5fe3e36d723bd81367cbccac927"}
}
